<?xml version="1.0" encoding="UTF-8"?>
<!-- Generated by org.testng.reporters.JUnitXMLReporter -->
<testsuite ignored="0" hostname="DESKTOP-N054NMB" failures="1" tests="2" name="Test" time="86.143" errors="0" timestamp="23 Jan 2022 11:38:25 GMT">
  <testcase classname="com.tests.ExtentReportUpdated" name="@AfterClass tearDown" time="0.0">
    <failure type="org.testng.TestNGException" message="
Can inject only one of &amp;lt;ITestContext, XmlTest&amp;gt; into a @AfterClass annotated tearDown.
For more information on native dependency injection please refer to http://testng.org/doc/documentation-main.html#native-dependency-injection">
      <![CDATA[org.testng.TestNGException: 
Can inject only one of <ITestContext, XmlTest> into a @AfterClass annotated tearDown.
For more information on native dependency injection please refer to http://testng.org/doc/documentation-main.html#native-dependency-injection
... Removed 23 stack frames]]>
    </failure>
  </testcase> <!-- @AfterClass tearDown -->
  <testcase classname="com.tests.ParaBankTestWithExtentReport" name="login" time="7.357"/>
  <testcase classname="com.tests.ParaBankTestWithExtentReport" name="payBill" time="2.577">
    <failure type="java.lang.AssertionError" message="expected [Bill Payment Complete] but found []">
      <![CDATA[java.lang.AssertionError: expected [Bill Payment Complete] but found []
at com.tests.ParaBankTestWithExtentReport.payBill(ParaBankTestWithExtentReport.java:66)
... Removed 31 stack frames]]>
    </failure>
  </testcase> <!-- payBill -->
</testsuite> <!-- Test -->
